  Armor.cpp
  Consumable.cpp
  Equipement.cpp
  FoodProcessor.cpp
  GameInit.cpp
C:\Users\fury8\Downloads\Adv_InventoryRPG\GameInit.cpp(13,82): warning C4305: 'argument' : troncation de 'double' à 'float'
C:\Users\fury8\Downloads\Adv_InventoryRPG\GameInit.cpp(19,87): warning C4305: 'argument' : troncation de 'double' à 'float'
  Inventory.cpp
C:\Users\fury8\Downloads\Adv_InventoryRPG\Inventory.cpp(65,27): warning C4838: la conversion de 'int' en 'float' requiert une conversion restrictive
C:\Users\fury8\Downloads\Adv_InventoryRPG\Inventory.cpp(65,27): warning C4244: 'initialisation' : conversion de 'int' en 'float', perte possible de données
C:\Users\fury8\Downloads\Adv_InventoryRPG\Inventory.cpp(65,59): warning C4838: la conversion de 'int' en 'float' requiert une conversion restrictive
C:\Users\fury8\Downloads\Adv_InventoryRPG\Inventory.cpp(65,59): warning C4244: 'initialisation' : conversion de 'int' en 'float', perte possible de données
C:\Users\fury8\Downloads\Adv_InventoryRPG\Inventory.cpp(143,27): warning C4838: la conversion de 'int' en 'float' requiert une conversion restrictive
C:\Users\fury8\Downloads\Adv_InventoryRPG\Inventory.cpp(143,27): warning C4244: 'initialisation' : conversion de 'int' en 'float', perte possible de données
C:\Users\fury8\Downloads\Adv_InventoryRPG\Inventory.cpp(143,43): warning C4838: la conversion de 'int' en 'float' requiert une conversion restrictive
C:\Users\fury8\Downloads\Adv_InventoryRPG\Inventory.cpp(143,43): warning C4244: 'initialisation' : conversion de 'int' en 'float', perte possible de données
C:\Users\fury8\Downloads\Adv_InventoryRPG\Inventory.cpp(166,31): warning C4838: la conversion de 'int' en 'float' requiert une conversion restrictive
C:\Users\fury8\Downloads\Adv_InventoryRPG\Inventory.cpp(166,31): warning C4244: 'initialisation' : conversion de 'int' en 'float', perte possible de données
C:\Users\fury8\Downloads\Adv_InventoryRPG\Inventory.cpp(166,63): warning C4838: la conversion de 'int' en 'float' requiert une conversion restrictive
C:\Users\fury8\Downloads\Adv_InventoryRPG\Inventory.cpp(166,63): warning C4244: 'initialisation' : conversion de 'int' en 'float', perte possible de données
  Item.cpp
  Magic.cpp
  Physical.cpp
  Staff.cpp
  Weapon.cpp
  iBakable.cpp
  main.cpp
  Génération de code en cours...
  Raylib Starter Project.vcxproj -> C:\Users\fury8\Downloads\Adv_InventoryRPG\x64\Debug\Raylib Starter Project.exe
